<?xml version="1.0" encoding="UTF-8"?>
<!-- Generated by org.testng.reporters.JUnitXMLReporter -->
<testsuite hostname="harsimrandhanoa" name="Second Class" tests="3" failures="0" timestamp="21 Apr 2016 15:55:48 GMT" time="0.015" errors="0">
  <testcase name="Class1_2" time="0.001" classname="com.qtp.selenium.Class2"/>
  <testcase name="Class2_1" time="0.003" classname="com.qtp.selenium.Class2"/>
  <testcase name="Class2_3" time="0.003" classname="com.qtp.selenium.Class2"/>
</testsuite> <!-- Second Class -->
