<?xml version="1.0" encoding="UTF-8"?>
<!-- Generated by org.testng.reporters.JUnitXMLReporter -->
<testsuite hostname="harsimrandhanoa" name="Third Class" tests="3" failures="0" timestamp="21 Apr 2016 16:55:50 GMT" time="0.029" errors="0">
  <testcase name="Class3_1" time="0.002" classname="com.qtp.selenium.Class3"/>
  <testcase name="Class3_2" time="0.002" classname="com.qtp.selenium.Class3"/>
  <testcase name="Class3_3" time="0.005" classname="com.qtp.selenium.Class3"/>
</testsuite> <!-- Third Class -->
