<?xml version="1.0" encoding="UTF-8"?>
<testng-results skipped="0" failed="0" total="9" passed="9">
  <reporter-output>
  </reporter-output>
  <suite name="Suite A" duration-ms="537" started-at="2016-04-21T16:55:50Z" finished-at="2016-04-21T16:55:50Z">
    <groups>
    </groups>
    <test name="First Class" duration-ms="120" started-at="2016-04-21T16:55:50Z" finished-at="2016-04-21T16:55:50Z">
      <class name="com.qtp.selenium.Test1">
        <test-method status="PASS" signature="abc()[pri:0, instance:com.qtp.selenium.Test1@35bbe5e8]" name="abc" duration-ms="42" started-at="2016-04-21T09:55:50Z" finished-at="2016-04-21T09:55:50Z">
          <reporter-output>
          </reporter-output>
        </test-method> <!-- abc -->
      </class> <!-- com.qtp.selenium.Test1 -->
    </test> <!-- First Class -->
    <test name="Fifth Class" duration-ms="18" started-at="2016-04-21T16:55:50Z" finished-at="2016-04-21T16:55:50Z">
      <class name="package1.Test3">
        <test-method status="PASS" signature="test3()[pri:0, instance:package1.Test3@7a79be86]" name="test3" duration-ms="10" started-at="2016-04-21T09:55:50Z" finished-at="2016-04-21T09:55:50Z">
          <reporter-output>
          </reporter-output>
        </test-method> <!-- test3 -->
      </class> <!-- package1.Test3 -->
    </test> <!-- Fifth Class -->
    <test name="Second Class" duration-ms="29" started-at="2016-04-21T16:55:50Z" finished-at="2016-04-21T16:55:50Z">
      <class name="com.qtp.selenium.Class2">
        <test-method status="PASS" signature="Class1_2()[pri:0, instance:com.qtp.selenium.Class2@511baa65]" name="Class1_2" duration-ms="3" started-at="2016-04-21T09:55:50Z" finished-at="2016-04-21T09:55:50Z">
          <reporter-output>
          </reporter-output>
        </test-method> <!-- Class1_2 -->
        <test-method status="PASS" signature="Class2_1()[pri:0, instance:com.qtp.selenium.Class2@511baa65]" name="Class2_1" duration-ms="6" started-at="2016-04-21T09:55:50Z" finished-at="2016-04-21T09:55:50Z">
          <reporter-output>
          </reporter-output>
        </test-method> <!-- Class2_1 -->
        <test-method status="PASS" signature="Class2_3()[pri:0, instance:com.qtp.selenium.Class2@511baa65]" name="Class2_3" duration-ms="3" started-at="2016-04-21T09:55:50Z" finished-at="2016-04-21T09:55:50Z">
          <reporter-output>
          </reporter-output>
        </test-method> <!-- Class2_3 -->
      </class> <!-- com.qtp.selenium.Class2 -->
    </test> <!-- Second Class -->
    <test name="Third Class" duration-ms="29" started-at="2016-04-21T16:55:50Z" finished-at="2016-04-21T16:55:50Z">
      <class name="com.qtp.selenium.Class3">
        <test-method status="PASS" signature="Class3_1()[pri:0, instance:com.qtp.selenium.Class3@59a6e353]" name="Class3_1" duration-ms="2" started-at="2016-04-21T09:55:50Z" finished-at="2016-04-21T09:55:50Z">
          <reporter-output>
          </reporter-output>
        </test-method> <!-- Class3_1 -->
        <test-method status="PASS" signature="Class3_2()[pri:0, instance:com.qtp.selenium.Class3@59a6e353]" name="Class3_2" duration-ms="2" started-at="2016-04-21T09:55:50Z" finished-at="2016-04-21T09:55:50Z">
          <reporter-output>
          </reporter-output>
        </test-method> <!-- Class3_2 -->
        <test-method status="PASS" signature="Class3_3()[pri:0, instance:com.qtp.selenium.Class3@59a6e353]" name="Class3_3" duration-ms="5" started-at="2016-04-21T09:55:50Z" finished-at="2016-04-21T09:55:50Z">
          <reporter-output>
          </reporter-output>
        </test-method> <!-- Class3_3 -->
      </class> <!-- com.qtp.selenium.Class3 -->
    </test> <!-- Third Class -->
    <test name="Fourth Class" duration-ms="5" started-at="2016-04-21T16:55:50Z" finished-at="2016-04-21T16:55:50Z">
      <class name="package1.Test2">
        <test-method status="PASS" signature="test2()[pri:0, instance:package1.Test2@506e6d5e]" name="test2" duration-ms="2" started-at="2016-04-21T09:55:50Z" finished-at="2016-04-21T09:55:50Z">
          <reporter-output>
          </reporter-output>
        </test-method> <!-- test2 -->
      </class> <!-- package1.Test2 -->
    </test> <!-- Fourth Class -->
  </suite> <!-- Suite A -->
</testng-results>
