<?xml version="1.0" encoding="UTF-8"?>
<!-- Generated by org.testng.reporters.JUnitReportReporter -->
<testsuite hostname="harsimrandhanoa" name="com.qtp.selenium.Class3" tests="3" failures="0" timestamp="21 Apr 2016 17:03:42 GMT" time="0.004" errors="0">
  <testcase name="Class3_1" time="0.000" classname="com.qtp.selenium.Class3"/>
  <testcase name="Class3_3" time="0.003" classname="com.qtp.selenium.Class3"/>
  <testcase name="Class3_2" time="0.001" classname="com.qtp.selenium.Class3"/>
</testsuite> <!-- com.qtp.selenium.Class3 -->
